=== Job started on studgpu-node01.inf.ethz.ch at Sun Nov  9 20:37:57 CET 2025 ===
Sun Nov  9 20:37:57 2025       
+-----------------------------------------------------------------------------------------+
| NVIDIA-SMI 580.82.07              Driver Version: 580.82.07      CUDA Version: 13.0     |
+-----------------------------------------+------------------------+----------------------+
| GPU  Name                 Persistence-M | Bus-Id          Disp.A | Volatile Uncorr. ECC |
| Fan  Temp   Perf          Pwr:Usage/Cap |           Memory-Usage | GPU-Util  Compute M. |
|                                         |                        |               MIG M. |
|=========================================+========================+======================|
|   0  NVIDIA GeForce RTX 5060 Ti     On  |   00000000:06:00.0 Off |                  N/A |
|  0%   29C    P8              6W /  180W |       2MiB /  16311MiB |      0%      Default |
|                                         |                        |                  N/A |
+-----------------------------------------+------------------------+----------------------+

+-----------------------------------------------------------------------------------------+
| Processes:                                                                              |
|  GPU   GI   CI              PID   Type   Process name                        GPU Memory |
|        ID   ID                                                               Usage      |
|=========================================================================================|
|  No running processes found                                                             |
+-----------------------------------------------------------------------------------------+
Loading datasets...

=== Training on Chamau ===
Skipping Chamau: only 0 predictors exist.

=== Training on Chamau A ===
Skipping Chamau A: only 0 predictors exist.

=== Training on Chamau B ===
Skipping Chamau B: only 0 predictors exist.

=== Training on Aeschi ===
Skipping Aeschi: only 0 predictors exist.

=== Training on Oensingen 1 ===
Skipping Oensingen 1: only 0 predictors exist.

=== Training on Oensingen 2 ===
Skipping Oensingen 2: only 0 predictors exist.

✅ Finished. Summary saved.
=== Job finished ===
